<?xml version="1.0" encoding="UTF-8"?>
<!-- Generated by org.testng.reporters.JUnitReportReporter -->
<testsuite hostname="DESKTOP-G21F3L9" failures="0" tests="1" name="com.google.FirstTest" time="25.562" errors="0" timestamp="01 jul. 2022 05:28:37 GMT" skipped="0">
  <testcase classname="com.google.FirstTest" name="googleTest" time="25.562"/>
</testsuite> <!-- com.google.FirstTest -->
